%!Adobe-FontList 1.19
%Locale:0x409

%BeginFont
Handler:DirectoryHandler
FontType:Type1
FontName:TPRubrik-Bold
FamilyName:TP Rubrik
StyleName:Bold
FullName:TP Rubrik Bold
MenuName:TP Rubrik
StyleBits:0
WritingScript:Roman
OutlineFileName:C:\Users\nutic\Desktop\REX-Documents\Tellit_avtal_1804\Document fonts\ TPRubrik-Bold.otf
DataFormat:sfntData
UsesStandardEncoding:yes
isCFF:yes
hasSVG:no
VariableFontType:NonVariableFont
FileLength:61792
FileModTime:1461741288
WeightClass:700
WidthClass:5
AngleClass:0
NameArray:0,Mac,4,TP Rubrik Bold
NameArray:0,Win,1,TP Rubrik
NameArray:0,Win,16,TP Rubrik
%EndFont

%BeginFont
Handler:DirectoryHandler
FontType:TrueType
FontName:Arial-BoldMT
FamilyName:Arial
StyleName:Bold
FullName:Arial Bold
MenuName:Arial
StyleBits:2
WritingScript:Roman
OutlineFileName:C:\Users\nutic\Desktop\REX-Documents\Tellit_avtal_1804\Document fonts\Arial Bold.ttf
DataFormat:sfntData
hasSVG:no
VariableFontType:NonVariableFont
FileLength:750984
FileModTime:1470538124
WeightClass:700
WidthClass:5
AngleClass:0
NameArray:0,Mac,4,Arial Bold
NameArray:0,Win,1,Arial
%EndFont

%BeginFont
Handler:DirectoryHandler
FontType:TrueType
FontName:ArialMT
FamilyName:Arial
StyleName:Regular
FullName:Arial
MenuName:Arial
StyleBits:0
WritingScript:Roman
OutlineFileName:C:\Users\nutic\Desktop\REX-Documents\Tellit_avtal_1804\Document fonts\Arial.ttf
DataFormat:sfntData
hasSVG:no
VariableFontType:NonVariableFont
FileLength:773236
FileModTime:1470538124
WeightClass:400
WidthClass:5
AngleClass:0
NameArray:0,Mac,4,Arial
NameArray:0,Win,1,Arial
%EndFont

%BeginFont
Handler:DirectoryHandler
FontType:Type1
FontName:MinionPro-Regular
FamilyName:Minion Pro
StyleName:Regular
FullName:Minion Pro
MenuName:Minion Pro
StyleBits:0
WritingScript:Roman
OutlineFileName:C:\Users\nutic\Desktop\REX-Documents\Tellit_avtal_1804\Document fonts\MinionPro-Regular.otf
DataFormat:sfntData
UsesStandardEncoding:yes
isCFF:yes
hasSVG:no
VariableFontType:NonVariableFont
FileLength:218640
FileModTime:1507705626
WeightClass:400
WidthClass:5
AngleClass:0
DesignSize:110
NameArray:0,Mac,4,Minion Pro
NameArray:0,Win,1,Minion Pro
%EndFont

%BeginFont
Handler:DirectoryHandler
FontType:Type1
FontName:TPRubrik-Medium
FamilyName:TP Rubrik
StyleName:Medium
FullName:TP Rubrik Medium
MenuName:TP Rubrik
StyleBits:0
WritingScript:Roman
OutlineFileName:C:\Users\nutic\Desktop\REX-Documents\Tellit_avtal_1804\Document fonts\TPRubrik-Medium.otf
DataFormat:sfntData
UsesStandardEncoding:yes
isCFF:yes
hasSVG:no
VariableFontType:NonVariableFont
FileLength:61452
FileModTime:1461741288
WeightClass:500
WidthClass:5
AngleClass:0
NameArray:0,Mac,4,TP Rubrik Medium
NameArray:0,Win,1,TP Rubrik
NameArray:0,Win,16,TP Rubrik
%EndFont

%BeginFont
Handler:DirectoryHandler
FontType:Type1
FontName:TPRubrik-Regular
FamilyName:TP Rubrik
StyleName:Regular
FullName:TP Rubrik
MenuName:TP Rubrik
StyleBits:0
WritingScript:Roman
OutlineFileName:C:\Users\nutic\Desktop\REX-Documents\Tellit_avtal_1804\Document fonts\TPRubrik-Regular.otf
DataFormat:sfntData
UsesStandardEncoding:yes
isCFF:yes
hasSVG:no
VariableFontType:NonVariableFont
FileLength:61300
FileModTime:1461741288
WeightClass:400
WidthClass:5
AngleClass:0
NameArray:0,Mac,4,TP Rubrik
NameArray:0,Win,1,TP Rubrik
%EndFont

