%!Adobe-FontList 1.18
%Locale:0x409

%BeginFont
Handler:DirectoryHandler
FontType:Type1
FontName:TPRubrik-Bold
FamilyName:TP Rubrik
StyleName:Bold
MenuName:TP Rubrik
StyleBits:0
WeightClass:700
WidthClass:5
AngleClass:0
FullName:TP Rubrik Bold
WritingScript:Roman
OutlineFileName:\ TPRubrik-Bold.otf
DataFormat:sfntData
UsesStandardEncoding:yes
isCFF:yes
hasSVG:no
FileLength:61792
FileModTime:1461748488
NameArray:0,Mac,4,TP Rubrik Bold
NameArray:0,Win,1,TP Rubrik
NameArray:0,Win,16,TP Rubrik
%EndFont

%BeginFont
Handler:DirectoryHandler
FontType:TrueType
FontName:Arial-BoldMT
FamilyName:Arial
StyleName:Bold
MenuName:Arial
StyleBits:2
WeightClass:700
WidthClass:5
AngleClass:0
FullName:Arial Bold
WritingScript:Roman
OutlineFileName:\Arial Bold.ttf
DataFormat:sfntData
hasSVG:no
FileLength:750984
FileModTime:1470545324
NameArray:0,Mac,4,Arial Bold
NameArray:0,Win,1,Arial
%EndFont

%BeginFont
Handler:DirectoryHandler
FontType:TrueType
FontName:ArialMT
FamilyName:Arial
StyleName:Regular
MenuName:Arial
StyleBits:0
WeightClass:400
WidthClass:5
AngleClass:0
FullName:Arial
WritingScript:Roman
OutlineFileName:\Arial.ttf
DataFormat:sfntData
hasSVG:no
FileLength:773236
FileModTime:1470545324
NameArray:0,Mac,4,Arial
NameArray:0,Win,1,Arial
%EndFont

%BeginFont
Handler:DirectoryHandler
FontType:Type1
FontName:MinionPro-Regular
FamilyName:Minion Pro
StyleName:Regular
MenuName:Minion Pro
StyleBits:0
WeightClass:400
WidthClass:5
AngleClass:0
FullName:Minion Pro
WritingScript:Roman
OutlineFileName:\MinionPro-Regular.otf
DataFormat:sfntData
UsesStandardEncoding:yes
isCFF:yes
hasSVG:no
FileLength:218640
FileModTime:1507712825
DesignSize:110
NameArray:0,Mac,4,Minion Pro
NameArray:0,Win,1,Minion Pro
%EndFont

%BeginFont
Handler:DirectoryHandler
FontType:Type1
FontName:TPRubrik-Medium
FamilyName:TP Rubrik
StyleName:Medium
MenuName:TP Rubrik
StyleBits:0
WeightClass:500
WidthClass:5
AngleClass:0
FullName:TP Rubrik Medium
WritingScript:Roman
OutlineFileName:\TPRubrik-Medium.otf
DataFormat:sfntData
UsesStandardEncoding:yes
isCFF:yes
hasSVG:no
FileLength:61452
FileModTime:1461748488
NameArray:0,Mac,4,TP Rubrik Medium
NameArray:0,Win,1,TP Rubrik
NameArray:0,Win,16,TP Rubrik
%EndFont

%BeginFont
Handler:DirectoryHandler
FontType:Type1
FontName:TPRubrik-Regular
FamilyName:TP Rubrik
StyleName:Regular
MenuName:TP Rubrik
StyleBits:0
WeightClass:400
WidthClass:5
AngleClass:0
FullName:TP Rubrik
WritingScript:Roman
OutlineFileName:\TPRubrik-Regular.otf
DataFormat:sfntData
UsesStandardEncoding:yes
isCFF:yes
hasSVG:no
FileLength:61300
FileModTime:1461748488
NameArray:0,Mac,4,TP Rubrik
NameArray:0,Win,1,TP Rubrik
%EndFont

